<?xml version="1.0" encoding="UTF-8"?>
<!-- Generated by org.testng.reporters.JUnitReportReporter -->
<testsuite hostname="ASUS" failures="0" tests="1" name="shoes.Shoes5" time="157.854" errors="0" timestamp="2024-05-27T09:20:38 IST" skipped="0">
  <testcase classname="shoes.Shoes5" name="adidas" time="157.854"/>
  <system-out/>
</testsuite> <!-- shoes.Shoes5 -->
