<?xml version="1.0" encoding="UTF-8"?>
<!-- Generated by org.testng.reporters.JUnitReportReporter -->
<testsuite hostname="ASUS" failures="0" tests="1" name="testNgBasic.DataFrmXmlFile" time="3.181" errors="0" timestamp="2024-05-21T10:04:31 IST" skipped="0">
  <testcase classname="testNgBasic.DataFrmXmlFile" name="dwsTest" time="3.181"/>
  <system-out/>
</testsuite> <!-- testNgBasic.DataFrmXmlFile -->
