<?xml version="1.0" encoding="UTF-8"?>
<!-- Generated by org.testng.reporters.JUnitReportReporter -->
<testsuite hostname="ASUS" failures="0" tests="3" name="basic.LaunchExecution" time="25.116" errors="0" timestamp="2024-05-09T12:57:09 IST" skipped="0">
  <testcase classname="basic.LaunchExecution" name="main" time="7.974"/>
  <system-out/>
  <testcase classname="basic.LaunchExecution" name="mumbai" time="10.790"/>
  <system-out/>
  <testcase classname="basic.LaunchExecution" name="RoyalChallengers" time="6.352"/>
  <system-out/>
</testsuite> <!-- basic.LaunchExecution -->
