<?xml version="1.0" encoding="UTF-8"?>
<!-- Generated by org.testng.reporters.JUnitReportReporter -->
<testsuite hostname="ASUS" failures="0" tests="1" name="pageObjectModel.TC_Register" time="13.621" errors="0" timestamp="2024-05-27T14:10:10 IST" skipped="0">
  <testcase classname="pageObjectModel.TC_Register" name="registerUser" time="13.621"/>
  <system-out/>
</testsuite> <!-- pageObjectModel.TC_Register -->
