<?xml version="1.0" encoding="UTF-8"?>
<!-- Generated by org.testng.reporters.JUnitReportReporter -->
<testsuite hostname="ASUS" failures="0" tests="1" name="listeners.TC_AddToCartProductInDWS" time="8.240" errors="0" timestamp="2024-05-27T15:02:15 IST" skipped="0">
  <testcase classname="listeners.TC_AddToCartProductInDWS" name="AddtoCart" time="8.240"/>
  <system-out/>
</testsuite> <!-- listeners.TC_AddToCartProductInDWS -->
