<?xml version="1.0" encoding="UTF-8"?>
<!-- Generated by org.testng.reporters.JUnitReportReporter -->
<testsuite hostname="ASUS" failures="0" tests="1" name="shoes.Shoes2" time="61.803" errors="0" timestamp="2024-05-27T09:20:38 IST" skipped="0">
  <testcase classname="shoes.Shoes2" name="puma" time="61.803"/>
  <system-out/>
</testsuite> <!-- shoes.Shoes2 -->
