<?xml version="1.0" encoding="UTF-8"?>
<!-- Generated by org.testng.reporters.JUnitReportReporter -->
<testsuite hostname="ASUS" failures="0" tests="1" name="Assignment.Qspiders_demoApp" time="8.229" errors="0" timestamp="2024-05-10T17:10:07 IST" skipped="0">
  <testcase classname="Assignment.Qspiders_demoApp" name="qspDemo" time="8.229"/>
  <system-out/>
</testsuite> <!-- Assignment.Qspiders_demoApp -->
