<?xml version="1.0" encoding="UTF-8"?>
<!-- Generated by org.testng.reporters.JUnitReportReporter -->
<testsuite hostname="ASUS" failures="0" tests="1" name="extentReportTestcase.SampleReport" time="0.698" errors="0" timestamp="2024-05-30T09:44:17 IST" skipped="0">
  <testcase classname="extentReportTestcase.SampleReport" name="launchReport" time="0.698"/>
  <system-out/>
</testsuite> <!-- extentReportTestcase.SampleReport -->
