<?xml version="1.0" encoding="UTF-8"?>
<!-- Generated by org.testng.reporters.JUnitReportReporter -->
<testsuite hostname="ASUS" failures="0" tests="1" name="pageObjectModel.TC_clickOnGiftCard" time="45.594" errors="0" timestamp="2024-05-28T09:58:56 IST" skipped="0">
  <testcase classname="pageObjectModel.TC_clickOnGiftCard" name="giftcard" time="45.594"/>
  <system-out/>
</testsuite> <!-- pageObjectModel.TC_clickOnGiftCard -->
