<?xml version="1.0" encoding="UTF-8"?>
<!-- Generated by org.testng.reporters.JUnitReportReporter -->
<testsuite hostname="ASUS" failures="0" tests="1" name="pageObjectModel.TC_dwsLogin" time="17.035" errors="0" timestamp="2024-05-27T12:18:48 IST" skipped="0">
  <testcase classname="pageObjectModel.TC_dwsLogin" name="login" time="17.035"/>
  <system-out/>
</testsuite> <!-- pageObjectModel.TC_dwsLogin -->
