<?xml version="1.0" encoding="UTF-8"?>
<!-- Generated by org.testng.reporters.JUnitReportReporter -->
<testsuite hostname="ASUS" failures="0" tests="1" name="watch.Watch5" time="12.333" errors="0" timestamp="2024-05-09T18:53:31 IST" skipped="0">
  <testcase classname="watch.Watch5" name="timex" time="12.333"/>
  <system-out/>
</testsuite> <!-- watch.Watch5 -->
