<?xml version="1.0" encoding="UTF-8"?>
<!-- Generated by org.testng.reporters.JUnitReportReporter -->
<testsuite hostname="ASUS" failures="0" tests="1" name="Assignment.ScrollingTillFollowUs" time="25.293" errors="0" timestamp="2024-05-22T09:09:12 IST" skipped="0">
  <testcase classname="Assignment.ScrollingTillFollowUs" name="scrollTillFlUs" time="25.293"/>
  <system-out/>
</testsuite> <!-- Assignment.ScrollingTillFollowUs -->
