<?xml version="1.0" encoding="UTF-8"?>
<!-- Generated by org.testng.reporters.JUnitReportReporter -->
<testsuite hostname="ASUS" failures="0" tests="1" name="listeners.TC_GiftCard_form" time="10.216" errors="0" timestamp="2024-05-27T08:53:35 IST" skipped="0">
  <testcase classname="listeners.TC_GiftCard_form" name="fillForm" time="10.216"/>
  <system-out/>
</testsuite> <!-- listeners.TC_GiftCard_form -->
