<?xml version="1.0" encoding="UTF-8"?>
<!-- Generated by org.testng.reporters.JUnitReportReporter -->
<testsuite hostname="ASUS" failures="0" tests="1" name="shoes.Shoes3" time="95.650" errors="0" timestamp="2024-05-27T09:20:38 IST" skipped="0">
  <testcase classname="shoes.Shoes3" name="nike" time="95.650"/>
  <system-out/>
</testsuite> <!-- shoes.Shoes3 -->
