<?xml version="1.0" encoding="UTF-8"?>
<!-- Generated by org.testng.reporters.JUnitReportReporter -->
<testsuite hostname="ASUS" failures="0" tests="1" name="listeners.TC_SearchProducts" time="4.865" errors="0" timestamp="2024-05-24T11:35:46 IST" skipped="0">
  <testcase classname="listeners.TC_SearchProducts" name="SearchProduct" time="4.865"/>
  <system-out/>
</testsuite> <!-- listeners.TC_SearchProducts -->
