<?xml version="1.0" encoding="UTF-8"?>
<!-- Generated by org.testng.reporters.JUnitReportReporter -->
<testsuite hostname="ASUS" failures="0" tests="1" name="shoes.Shoes1" time="5.829" errors="0" timestamp="2024-05-27T09:39:03 IST" skipped="0">
  <testcase classname="shoes.Shoes1" name="adidas" time="5.829"/>
  <system-out/>
</testsuite> <!-- shoes.Shoes1 -->
