<?xml version="1.0" encoding="UTF-8"?>
<!-- Generated by org.testng.reporters.JUnitReportReporter -->
<testsuite hostname="ASUS" failures="0" tests="2" name="basic.ChronologicalOrderOfTestNGAnnotation" time="0.018" errors="0" timestamp="2024-05-10T16:21:52 IST" skipped="0">
  <testcase classname="basic.ChronologicalOrderOfTestNGAnnotation" name="testCase1" time="0.013"/>
  <system-out/>
  <testcase classname="basic.ChronologicalOrderOfTestNGAnnotation" name="testCase2" time="0.005"/>
  <system-out/>
</testsuite> <!-- basic.ChronologicalOrderOfTestNGAnnotation -->
