<?xml version="1.0" encoding="UTF-8"?>
<!-- Generated by org.testng.reporters.JUnitReportReporter -->
<testsuite hostname="ASUS" failures="0" tests="1" name="basic.LaunchBrowser" time="8.522" errors="0" timestamp="2024-05-09T12:26:42 IST" skipped="0">
  <testcase classname="basic.LaunchBrowser" name="main" time="8.522"/>
  <system-out/>
</testsuite> <!-- basic.LaunchBrowser -->
