<?xml version="1.0" encoding="UTF-8"?>
<!-- Generated by org.testng.reporters.JUnitReportReporter -->
<testsuite hostname="ASUS" failures="0" tests="1" name="testNgBasic.TC_SearchProducts" time="5.197" errors="0" timestamp="2024-05-21T12:30:13 IST" skipped="0">
  <testcase classname="testNgBasic.TC_SearchProducts" name="SearchProduct" time="5.197"/>
  <system-out/>
</testsuite> <!-- testNgBasic.TC_SearchProducts -->
