<?xml version="1.0" encoding="UTF-8"?>
<!-- Generated by org.testng.reporters.JUnitReportReporter -->
<testsuite hostname="ASUS" failures="0" tests="1" name="pageObjectModel.TC_AddToCart" time="17.378" errors="0" timestamp="2024-05-28T09:31:22 IST" skipped="0">
  <testcase classname="pageObjectModel.TC_AddToCart" name="addcart" time="17.378"/>
  <system-out/>
</testsuite> <!-- pageObjectModel.TC_AddToCart -->
